CPU[0x55ce9863ceb0]:
code[0x55ce9863e6f1]
filesize: 355
rax: 1.000000
rbx: 5.000000
rcx: 1.000000
rdx: 0.000000
status: 1
RIP: 350
RAM[0x55ce9863d0f0]: {
    0.000000
    0.000000
    0.000000
    0.000000
    0.000000
    0.000000
    0.000000
    0.000000
    0.000000
    0.000000
}
CallStack:
Stack(OK)[0x55ce9863d040]:
    CANNARY1: |FFFFFFFF|,
    capacity: |10|,
    stack_size: |2|,
    stack_hash: |9A38556C|,
    data_hash: |DEC8D08E|,
    CANNARY2: |FFFFFFFF|,
    data[0x55ce9863d088]: {
      CANNARY1: 2.000000,
      54.000000,
      149.000000,
      nan,
      nan,
      nan,
      nan,
      nan,
      nan,
      nan,
      nan,
      CANNARY2: 2.000000,
    }
Stack(OK)[0x55ce9863cf50]:
    CANNARY1: |FFFFFFFF|,
    capacity: |10|,
    stack_size: |2|,
    stack_hash: |928E0293|,
    data_hash: |A1572FDA|,
    CANNARY2: |FFFFFFFF|,
    data[0x55ce9863cf98]: {
      CANNARY1: 2.000000,
      4.000000,
      25.000000,
      nan,
      nan,
      nan,
      nan,
      nan,
      nan,
      nan,
      nan,
      CANNARY2: 2.000000,
    }

-----------------
